# JRE version: Java(TM) SE Runtime Environment (8.0_141-b15) (build 1.8.0_141-b15)
# Java VM: Java HotSpot(TM) 64-Bit Server VM (25.141-b15 mixed mode windows-amd64 compressed oops)
Heap:
 PSYoungGen      total 142848K, used 11446K [0x00000000d5c00000, 0x00000000df600000, 0x0000000100000000)
  eden space 135168K, 3% used [0x00000000d5c00000,0x00000000d60b63d0,0x00000000de000000)
  from space 7680K, 86% used [0x00000000dee80000,0x00000000df4f7460,0x00000000df600000)
  to   space 11264K, 0% used [0x00000000de000000,0x00000000de000000,0x00000000deb00000)
 ParOldGen       total 74240K, used 11574K [0x0000000081400000, 0x0000000085c80000, 0x00000000d5c00000)
  object space 74240K, 15% used [0x0000000081400000,0x0000000081f4db50,0x0000000085c80000)
 Metaspace       used 25745K, capacity 26598K, committed 26880K, reserved 1073152K
  class space    used 3355K, capacity 3556K, committed 3584K, reserved 1048576K
GC Heap History (10 events):
Event: 2.059 GC heap before
{Heap before GC invocations=5 (full 1):
 PSYoungGen      total 38400K, used 34570K [0x00000000d5c00000, 0x00000000d9080000, 0x0000000100000000)
  eden space 33280K, 99% used [0x00000000d5c00000,0x00000000d7c71ae8,0x00000000d7c80000)
  from space 5120K, 26% used [0x00000000d7c80000,0x00000000d7dd0e60,0x00000000d8180000)
  to   space 5120K, 0% used [0x00000000d8b80000,0x00000000d8b80000,0x00000000d9080000)
 ParOldGen       total 74240K, used 10471K [0x0000000081400000, 0x0000000085c80000, 0x00000000d5c00000)
  object space 74240K, 14% used [0x0000000081400000,0x0000000081e39d80,0x0000000085c80000)
 Metaspace       used 24343K, capacity 25086K, committed 25216K, reserved 1071104K
  class space    used 3184K, capacity 3348K, committed 3456K, reserved 1048576K
Event: 2.061 GC heap after
Heap after GC invocations=5 (full 1):
 PSYoungGen      total 48640K, used 1344K [0x00000000d5c00000, 0x00000000d9c80000, 0x0000000100000000)
  eden space 43520K, 0% used [0x00000000d5c00000,0x00000000d5c00000,0x00000000d8680000)
  from space 5120K, 26% used [0x00000000d8b80000,0x00000000d8cd0250,0x00000000d9080000)
  to   space 5120K, 0% used [0x00000000d8680000,0x00000000d8680000,0x00000000d8b80000)
 ParOldGen       total 74240K, used 10479K [0x0000000081400000, 0x0000000085c80000, 0x00000000d5c00000)
  object space 74240K, 14% used [0x0000000081400000,0x0000000081e3bd80,0x0000000085c80000)
 Metaspace       used 24343K, capacity 25086K, committed 25216K, reserved 1071104K
  class space    used 3184K, capacity 3348K, committed 3456K, reserved 1048576K
}
Event: 2.069 GC heap before
{Heap before GC invocations=6 (full 1):
 PSYoungGen      total 48640K, used 44770K [0x00000000d5c00000, 0x00000000d9c80000, 0x0000000100000000)
  eden space 43520K, 99% used [0x00000000d5c00000,0x00000000d86686b0,0x00000000d8680000)
  from space 5120K, 26% used [0x00000000d8b80000,0x00000000d8cd0250,0x00000000d9080000)
  to   space 5120K, 0% used [0x00000000d8680000,0x00000000d8680000,0x00000000d8b80000)
 ParOldGen       total 74240K, used 10479K [0x0000000081400000, 0x0000000085c80000, 0x00000000d5c00000)
  object space 74240K, 14% used [0x0000000081400000,0x0000000081e3bd80,0x0000000085c80000)
 Metaspace       used 24344K, capacity 25086K, committed 25216K, reserved 1071104K
  class space    used 3184K, capacity 3348K, committed 3456K, reserved 1048576K
Event: 2.070 GC heap after
Heap after GC invocations=6 (full 1):
 PSYoungGen      total 48640K, used 1423K [0x00000000d5c00000, 0x00000000dbf00000, 0x0000000100000000)
  eden space 43520K, 0% used [0x00000000d5c00000,0x00000000d5c00000,0x00000000d8680000)
  from space 5120K, 27% used [0x00000000d8680000,0x00000000d87e3f60,0x00000000d8b80000)
  to   space 12288K, 0% used [0x00000000db300000,0x00000000db300000,0x00000000dbf00000)
 ParOldGen       total 74240K, used 10479K [0x0000000081400000, 0x0000000085c80000, 0x00000000d5c00000)
  object space 74240K, 14% used [0x0000000081400000,0x0000000081e3bd80,0x0000000085c80000)
 Metaspace       used 24344K, capacity 25086K, committed 25216K, reserved 1071104K
  class space    used 3184K, capacity 3348K, committed 3456K, reserved 1048576K
}
Event: 2.077 GC heap before
{Heap before GC invocations=7 (full 1):
 PSYoungGen      total 48640K, used 44899K [0x00000000d5c00000, 0x00000000dbf00000, 0x0000000100000000)
  eden space 43520K, 99% used [0x00000000d5c00000,0x00000000d8674cc8,0x00000000d8680000)
  from space 5120K, 27% used [0x00000000d8680000,0x00000000d87e3f60,0x00000000d8b80000)
  to   space 12288K, 0% used [0x00000000db300000,0x00000000db300000,0x00000000dbf00000)
 ParOldGen       total 74240K, used 10479K [0x0000000081400000, 0x0000000085c80000, 0x00000000d5c00000)
  object space 74240K, 14% used [0x0000000081400000,0x0000000081e3bd80,0x0000000085c80000)
 Metaspace       used 24344K, capacity 25086K, committed 25216K, reserved 1071104K
  class space    used 3184K, capacity 3348K, committed 3456K, reserved 1048576K
Event: 2.079 GC heap after
Heap after GC invocations=7 (full 1):
 PSYoungGen      total 89600K, used 1414K [0x00000000d5c00000, 0x00000000dc080000, 0x0000000100000000)
  eden space 77312K, 0% used [0x00000000d5c00000,0x00000000d5c00000,0x00000000da780000)
  from space 12288K, 11% used [0x00000000db300000,0x00000000db461ad0,0x00000000dbf00000)
  to   space 11776K, 0% used [0x00000000da780000,0x00000000da780000,0x00000000db300000)
 ParOldGen       total 74240K, used 10479K [0x0000000081400000, 0x0000000085c80000, 0x00000000d5c00000)
  object space 74240K, 14% used [0x0000000081400000,0x0000000081e3bd80,0x0000000085c80000)
 Metaspace       used 24344K, capacity 25086K, committed 25216K, reserved 1071104K
  class space    used 3184K, capacity 3348K, committed 3456K, reserved 1048576K
}
Event: 2.103 GC heap before
{Heap before GC invocations=8 (full 1):
 PSYoungGen      total 89600K, used 78609K [0x00000000d5c00000, 0x00000000dc080000, 0x0000000100000000)
  eden space 77312K, 99% used [0x00000000d5c00000,0x00000000da762b30,0x00000000da780000)
  from space 12288K, 11% used [0x00000000db300000,0x00000000db461ad0,0x00000000dbf00000)
  to   space 11776K, 0% used [0x00000000da780000,0x00000000da780000,0x00000000db300000)
 ParOldGen       total 74240K, used 10479K [0x0000000081400000, 0x0000000085c80000, 0x00000000d5c00000)
  object space 74240K, 14% used [0x0000000081400000,0x0000000081e3bd80,0x0000000085c80000)
 Metaspace       used 24344K, capacity 25086K, committed 25216K, reserved 1071104K
  class space    used 3184K, capacity 3348K, committed 3456K, reserved 1048576K
Event: 2.105 GC heap after
Heap after GC invocations=8 (full 1):
 PSYoungGen      total 89088K, used 1481K [0x00000000d5c00000, 0x00000000df900000, 0x0000000100000000)
  eden space 77312K, 0% used [0x00000000d5c00000,0x00000000d5c00000,0x00000000da780000)
  from space 11776K, 12% used [0x00000000da780000,0x00000000da8f27b0,0x00000000db300000)
  to   space 10752K, 0% used [0x00000000dee80000,0x00000000dee80000,0x00000000df900000)
 ParOldGen       total 74240K, used 10479K [0x0000000081400000, 0x0000000085c80000, 0x00000000d5c00000)
  object space 74240K, 14% used [0x0000000081400000,0x0000000081e3bd80,0x0000000085c80000)
 Metaspace       used 24344K, capacity 25086K, committed 25216K, reserved 1071104K
  class space    used 3184K, capacity 3348K, committed 3456K, reserved 1048576K
}
Event: 2.928 GC heap before
{Heap before GC invocations=9 (full 1):
 PSYoungGen      total 89088K, used 78793K [0x00000000d5c00000, 0x00000000df900000, 0x0000000100000000)
  eden space 77312K, 100% used [0x00000000d5c00000,0x00000000da780000,0x00000000da780000)
  from space 11776K, 12% used [0x00000000da780000,0x00000000da8f27b0,0x00000000db300000)
  to   space 10752K, 0% used [0x00000000dee80000,0x00000000dee80000,0x00000000df900000)
 ParOldGen       total 74240K, used 10479K [0x0000000081400000, 0x0000000085c80000, 0x00000000d5c00000)
  object space 74240K, 14% used [0x0000000081400000,0x0000000081e3bd80,0x0000000085c80000)
 Metaspace       used 25706K, capacity 26586K, committed 26624K, reserved 1073152K
  class space    used 3352K, capacity 3554K, committed 3584K, reserved 1048576K
Event: 2.932 GC heap after
Heap after GC invocations=9 (full 1):
 PSYoungGen      total 142848K, used 6621K [0x00000000d5c00000, 0x00000000df600000, 0x0000000100000000)
  eden space 135168K, 0% used [0x00000000d5c00000,0x00000000d5c00000,0x00000000de000000)
  from space 7680K, 86% used [0x00000000dee80000,0x00000000df4f7460,0x00000000df600000)
  to   space 11264K, 0% used [0x00000000de000000,0x00000000de000000,0x00000000deb00000)
 ParOldGen       total 74240K, used 11574K [0x0000000081400000, 0x0000000085c80000, 0x00000000d5c00000)
  object space 74240K, 15% used [0x0000000081400000,0x0000000081f4db50,0x0000000085c80000)
 Metaspace       used 25706K, capacity 26586K, committed 26624K, reserved 1073152K
  class space    used 3352K, capacity 3554K, committed 3584K, reserved 1048576K
}

